<?xml version="1.0" encoding="UTF-8"?>
<testsuite name="Login Test"
           tests="2"
           failures="0"
           errors="0"
           skipped="0"
           time="7.960">
  <properties />
  
  
            <testcase name="userShouldNavigateToLoginPageSuccessFully" time="3.685" classname="com.tricentis.demowebshop.testsuite.LoginPageTest" />
                <testcase name="verifyTheErrorMessageWithInValidCredentials" time="4.275" classname="com.tricentis.demowebshop.testsuite.LoginPageTest" />
      
</testsuite>
